Compiling the CXX compiler identification source file "CMakeCXXCompilerId.cpp" failed.
Compiler: /Library/Developer/CommandLineTools/usr/bin/c++ 
Build flags: 
Id flags:  

The output was:
1
ld: library not found for -lc++
clang: error: linker command failed with exit code 1 (use -v to see invocation)


Performing C++ SOURCE FILE Test CXXFLAG_WCAST_ALIGN_STRICT_OKAY failed with the following output:
Change Dir: /Users/ayang/Desktop/Northwestern 2021-2022 Archives/Northwestern Spring Quarter 2021-2022 Archives/Comp Sci 211/Tetris/cmake-build-debug/CMakeFiles/CMakeTmp

Run Build Command(s):/usr/bin/make -f Makefile cmTC_657b4/fast && /Library/Developer/CommandLineTools/usr/bin/make  -f CMakeFiles/cmTC_657b4.dir/build.make CMakeFiles/cmTC_657b4.dir/build
Building CXX object CMakeFiles/cmTC_657b4.dir/src.cxx.o
/Library/Developer/CommandLineTools/usr/bin/c++ -DCXXFLAG_WCAST_ALIGN_STRICT_OKAY  -isysroot /Library/Developer/CommandLineTools/SDKs/MacOSX12.3.sdk   -Wcast-align=strict -MD -MT CMakeFiles/cmTC_657b4.dir/src.cxx.o -MF CMakeFiles/cmTC_657b4.dir/src.cxx.o.d -o CMakeFiles/cmTC_657b4.dir/src.cxx.o -c "/Users/ayang/Desktop/Northwestern 2021-2022 Archives/Northwestern Spring Quarter 2021-2022 Archives/Comp Sci 211/Tetris/cmake-build-debug/CMakeFiles/CMakeTmp/src.cxx"
warning: unknown warning option '-Wcast-align=strict'; did you mean '-Wcast-align'? [-Wunknown-warning-option]
1 warning generated.
Linking CXX executable cmTC_657b4
/Applications/CLion.app/Contents/bin/cmake/mac/bin/cmake -E cmake_link_script CMakeFiles/cmTC_657b4.dir/link.txt --verbose=1
/Library/Developer/CommandLineTools/usr/bin/c++  -isysroot /Library/Developer/CommandLineTools/SDKs/MacOSX12.3.sdk -Wl,-search_paths_first -Wl,-headerpad_max_install_names CMakeFiles/cmTC_657b4.dir/src.cxx.o -o cmTC_657b4 


Source file was:
int main() { return 0; }
Performing C++ SOURCE FILE Test CXXFLAG_WERROR_BOOL_COMPARE_OKAY failed with the following output:
Change Dir: /Users/ayang/Desktop/Northwestern 2021-2022 Archives/Northwestern Spring Quarter 2021-2022 Archives/Comp Sci 211/Tetris/cmake-build-debug/CMakeFiles/CMakeTmp

Run Build Command(s):/usr/bin/make -f Makefile cmTC_735d8/fast && /Library/Developer/CommandLineTools/usr/bin/make  -f CMakeFiles/cmTC_735d8.dir/build.make CMakeFiles/cmTC_735d8.dir/build
Building CXX object CMakeFiles/cmTC_735d8.dir/src.cxx.o
/Library/Developer/CommandLineTools/usr/bin/c++ -DCXXFLAG_WERROR_BOOL_COMPARE_OKAY  -isysroot /Library/Developer/CommandLineTools/SDKs/MacOSX12.3.sdk   -Werror=bool-compare -MD -MT CMakeFiles/cmTC_735d8.dir/src.cxx.o -MF CMakeFiles/cmTC_735d8.dir/src.cxx.o.d -o CMakeFiles/cmTC_735d8.dir/src.cxx.o -c "/Users/ayang/Desktop/Northwestern 2021-2022 Archives/Northwestern Spring Quarter 2021-2022 Archives/Comp Sci 211/Tetris/cmake-build-debug/CMakeFiles/CMakeTmp/src.cxx"
warning: unknown warning option '-Werror=bool-compare' [-Wunknown-warning-option]
1 warning generated.
Linking CXX executable cmTC_735d8
/Applications/CLion.app/Contents/bin/cmake/mac/bin/cmake -E cmake_link_script CMakeFiles/cmTC_735d8.dir/link.txt --verbose=1
/Library/Developer/CommandLineTools/usr/bin/c++  -isysroot /Library/Developer/CommandLineTools/SDKs/MacOSX12.3.sdk -Wl,-search_paths_first -Wl,-headerpad_max_install_names CMakeFiles/cmTC_735d8.dir/src.cxx.o -o cmTC_735d8 


Source file was:
int main() { return 0; }
